<?xml version="1.0" encoding="UTF-8"?>
<testng-results skipped="0" failed="0" total="1" passed="1">
  <reporter-output>
  </reporter-output>
  <suite name="Default suite" duration-ms="21" started-at="2013-07-17T21:56:20Z" finished-at="2013-07-17T21:56:20Z">
    <groups>
    </groups>
    <test name="Default test" duration-ms="21" started-at="2013-07-17T21:56:20Z" finished-at="2013-07-17T21:56:20Z">
      <class name="calculate">
        <test-method status="PASS" signature="perform()[pri:0, instance:calculate@2fc6d169]" name="perform" duration-ms="11" started-at="2013-07-17T14:56:20Z" finished-at="2013-07-17T14:56:20Z">
          <reporter-output>
          </reporter-output>
        </test-method> <!-- perform -->
      </class> <!-- calculate -->
    </test> <!-- Default test -->
  </suite> <!-- Default suite -->
</testng-results>
